2023-10-09 17:02:18,218 [INFO] - Conectado ao site: https://quotes.toscrape.com/
2023-10-09 17:02:36,770 [INFO] - Citações de Albert Einstein salvas em output/Albert Einstein__09-10-17-02.csv
2023-10-09 17:04:04,694 [INFO] - Conectado ao site: https://quotes.toscrape.com/
2023-10-09 17:05:16,879 [INFO] - Conectado ao site: https://quotes.toscrape.com/
2023-10-09 17:05:23,640 [INFO] - Citações de Steve Martin salvas em output/Steve Martin__09-10-17-05.csv
2023-10-09 17:05:46,919 [INFO] - Citações com a tag  salvas em output/None__09-10-17-05.csv
2023-10-09 17:07:51,914 [INFO] - Conectado ao site: https://quotes.toscrape.com/
2023-10-09 17:09:22,610 [INFO] - Citações de Steve Martin salvas em output/Steve Martin__09-10-17-09.csv
2023-10-09 17:10:19,790 [INFO] - Conectado ao site: https://quotes.toscrape.com/
2023-10-09 17:10:23,988 [INFO] - Citações com a tag truth salvas em output/None_truth_09-10-17-10.csv
2023-10-09 17:11:37,506 [INFO] - Conectado ao site: https://quotes.toscrape.com/
2023-10-09 17:11:46,258 [INFO] - Citações de Steve Martin salvas em output/Steve Martin__09-10-17-11.csv
2023-10-09 17:13:11,823 [INFO] - Conectado ao site: https://quotes.toscrape.com/
2023-10-09 17:13:19,092 [INFO] - Citações de Steve Martin salvas em output/Steve Martin__09-10-17-13.csv
2023-10-09 17:13:25,079 [INFO] - Citações com a tag simile salvas em output/None_simile_09-10-17-13.csv
2023-10-09 17:16:07,312 [INFO] - Conectado ao site: https://quotes.toscrape.com/
2023-10-09 17:16:28,234 [INFO] - Citações de Steve Martion salvas em output/Steve Martion__09-10-17-16.csv
2023-10-09 17:59:42,431 [INFO] - Conectado ao site: https://quotes.toscrape.com/
2023-10-09 18:09:28,337 [INFO] - Conectado ao site: https://quotes.toscrape.com/
2023-10-09 18:09:39,975 [INFO] - Citações de Steven Martin salvas em Steven Martin__09-10-18-09
2023-10-09 18:10:48,199 [INFO] - Citações de Steven Martin salvas em Steven Martin__09-10-18-10
2023-10-09 18:11:05,107 [INFO] - Conectado ao site: https://quotes.toscrape.com/
2023-10-09 18:11:08,911 [INFO] - Citações de Steve Martin salvas em output/Steve Martin__09-10-18-11.csv
2023-10-09 18:58:45,695 [INFO] - Conectado ao site: https://quotes.toscrape.com/
2023-10-09 18:58:51,089 [ERROR] - Falha ao obter citações por autor e salvar em CSV: name 'WebpageScreenshot' is not defined
2023-10-09 18:59:39,612 [INFO] - Conectado ao site: https://quotes.toscrape.com/
2023-10-09 18:59:43,783 [ERROR] - Falha ao obter citações por autor e salvar em CSV: FullScreenScreenshot.__init__() takes 1 positional argument but 2 were given
2023-10-09 19:01:15,971 [INFO] - Conectado ao site: https://quotes.toscrape.com/
2023-10-09 19:01:21,249 [ERROR] - Falha ao obter citações por autor e salvar em CSV: FullScreenScreenshot.__init__() takes 1 positional argument but 2 were given
2023-10-09 19:59:12,526 [INFO] - Conectado ao site: https://quotes.toscrape.com/
2023-10-09 19:59:18,176 [ERROR] - Falha ao obter citações por autor e salvar em CSV: FullScreenScreenshot.__init__() takes 1 positional argument but 2 were given
2023-10-09 21:10:42,563 [INFO] - Conectado ao site: https://quotes.toscrape.com/
2023-10-09 21:10:47,168 [ERROR] - Falha ao obter citações por tag e salvar em CSV: FullScreenScreenshot() takes no arguments
2023-10-09 21:12:16,770 [INFO] - Conectado ao site: https://quotes.toscrape.com/
2023-10-09 21:12:20,469 [ERROR] - Falha ao obter citações por tag e salvar em CSV: FullScreenScreenshot() takes no arguments
2023-10-09 21:15:30,005 [INFO] - Conectado ao site: https://quotes.toscrape.com/
2023-10-09 21:15:50,975 [INFO] - Conectado ao site: https://quotes.toscrape.com/
2023-10-09 21:15:54,376 [ERROR] - Falha ao obter citações por tag e salvar em CSV: FullScreenScreenshot() takes no arguments
2023-10-09 21:18:27,237 [ERROR] - Falha na requisição ao site: Invalid URL '3': No scheme supplied. Perhaps you meant https://3?
2023-10-09 21:18:35,041 [INFO] - Conectado ao site: https://quotes.toscrape.com/
2023-10-09 21:18:39,568 [INFO] - Citações com a tag simile salvas em output/None_simile_09-10-21-18
2023-10-09 21:19:14,451 [INFO] - Citações com a tag simile salvas em output/None_simile_09-10-21-19
2023-10-09 21:22:16,027 [INFO] - Conectado ao site: https://quotes.toscrape.com/
2023-10-09 21:22:20,573 [ERROR] - Falha ao obter citações por tag e salvar em CSV: FullScreenScreenshot.__init__() missing 1 required positional argument: 'url'
2023-10-09 21:22:45,996 [ERROR] - Falha ao obter citações por tag e salvar em CSV: FullScreenScreenshot.__init__() missing 1 required positional argument: 'url'
2023-10-09 21:23:44,584 [INFO] - Conectado ao site: https://quotes.toscrape.com/
2023-10-09 21:23:54,773 [INFO] - Citações com a tag simile salvas em output/None_simile_09-10-21-23
